2023-02-21 19:21:51.177  - [32minfo[39m: host.2b3f811449c2 iobroker.js-controller version 4.0.24 js-controller starting
2023-02-21 19:21:51.195  - [32minfo[39m: host.2b3f811449c2 Copyright (c) 2014-2022 bluefox, 2014 hobbyquaker
2023-02-21 19:21:51.198  - [32minfo[39m: host.2b3f811449c2 hostname: 2b3f811449c2, node: v16.19.1
2023-02-21 19:21:51.201  - [32minfo[39m: host.2b3f811449c2 ip addresses: 10.13.13.2 172.18.0.2
2023-02-21 19:21:52.066  - [32minfo[39m: host.2b3f811449c2 connected to Objects and States
2023-02-21 19:21:52.167  - [32minfo[39m: host.2b3f811449c2 Node.js version has changed from unknown to 16.19.1
2023-02-21 19:21:52.425  - [32minfo[39m: host.2b3f811449c2 Successfully updated capabilities "cap_net_admin, cap_net_bind_service, cap_net_raw" for /usr/bin/node
2023-02-21 19:21:52.436  - [32minfo[39m: host.2b3f811449c2 added notifications configuration of host
2023-02-21 19:21:53.252  - [32minfo[39m: host.2b3f811449c2 3 instances found
2023-02-21 19:21:53.278  - [32minfo[39m: host.2b3f811449c2 starting 3 instances
2023-02-21 19:21:53.450  - [32minfo[39m: host.2b3f811449c2 instance system.adapter.admin.0 started with pid 188
2023-02-21 19:21:54.008  - [32minfo[39m: host.2b3f811449c2 Created UUID: aa05ba12-ce7c-45bd-ad98-a443642a4fdd
2023-02-21 19:21:57.427  - [32minfo[39m: host.2b3f811449c2 instance system.adapter.discovery.0 started with pid 195
2023-02-21 19:22:00.740  - [32minfo[39m: admin.0 (188) starting. Version 6.3.5 in /opt/iobroker/node_modules/iobroker.admin, node: v16.19.1, js-controller: 4.0.24
2023-02-21 19:22:01.039  - [32minfo[39m: admin.0 (188) requesting all states
2023-02-21 19:22:01.042  - [32minfo[39m: admin.0 (188) requesting all objects
2023-02-21 19:22:01.342  - [32minfo[39m: admin.0 (188) received all objects
2023-02-21 19:22:01.433  - [32minfo[39m: admin.0 (188) Request actual repository...
2023-02-21 19:22:01.470  - [32minfo[39m: host.2b3f811449c2 instance system.adapter.backitup.0 started with pid 210
2023-02-21 19:22:01.719  - [32minfo[39m: host.2b3f811449c2 Updating repository "stable" under "http://download.iobroker.net/sources-dist.json"
2023-02-21 19:22:02.247  - [32minfo[39m: admin.0 (188) http server listening on port 8081
2023-02-21 19:22:02.250  - [32minfo[39m: admin.0 (188) Use link "http://localhost:8081" to configure.
2023-02-21 19:22:02.289  - [32minfo[39m: admin.0 (188) socket.io server listening on port 8081
2023-02-21 19:22:02.689  - [33mwarn[39m: admin.0 (188) Repository cannot be read: Active repo - stable
2023-02-21 19:22:02.700  - [33mwarn[39m: admin.0 (188) Active repository "stable" cannot be read
2023-02-21 19:22:07.721  - [32minfo[39m: admin.0 (188) ==> Connected system.user.admin from ::ffff:172.18.0.1
2023-02-21 19:22:14.283  - [32minfo[39m: admin.0 (188) Repository received successfully.
2023-02-21 19:22:14.700  - [32minfo[39m: admin.0 (188) <== Disconnect system.user.admin from ::ffff:172.18.0.1 admin
2023-02-21 19:22:16.419  - [32minfo[39m: discovery.0 (195) starting. Version 3.1.0 in /opt/iobroker/node_modules/iobroker.discovery, node: v16.19.1, js-controller: 4.0.24
2023-02-21 19:22:16.836  - [32minfo[39m: backitup.0 (210) starting. Version 2.5.12 in /opt/iobroker/node_modules/iobroker.backitup, node: v16.19.1, js-controller: 4.0.24
2023-02-21 19:22:17.134  - [32minfo[39m: backitup.0 (210) [iobroker] backup was activated at 02:40 every 1 day(s)
2023-02-21 19:22:20.204  - [32minfo[39m: admin.0 (188) ==> Connected system.user.admin from ::ffff:172.18.0.1
2023-02-21 19:23:13.243  - [32minfo[39m: host.2b3f811449c2 stopInstance system.adapter.admin.0 (force=false, process=true)
2023-02-21 19:23:13.264  - [32minfo[39m: admin.0 (188) Got terminate signal TERMINATE_YOURSELF
2023-02-21 19:23:13.267  - [32minfo[39m: admin.0 (188) terminating http server on port 8081
2023-02-21 19:23:13.274  - [32minfo[39m: admin.0 (188) terminating
2023-02-21 19:23:13.277  - [32minfo[39m: admin.0 (188) Terminated (ADAPTER_REQUESTED_TERMINATION): Without reason
2023-02-21 19:23:13.306  - [32minfo[39m: host.2b3f811449c2 stopInstance system.adapter.admin.0 send kill signal
2023-02-21 19:23:13.979  - [32minfo[39m: host.2b3f811449c2 instance system.adapter.admin.0 terminated with code 11 (ADAPTER_REQUESTED_TERMINATION)
2023-02-21 19:23:16.404  - [32minfo[39m: host.2b3f811449c2 instance system.adapter.admin.0 started with pid 317
2023-02-21 19:23:21.187  - [32minfo[39m: admin.0 (317) starting. Version 6.3.5 in /opt/iobroker/node_modules/iobroker.admin, node: v16.19.1, js-controller: 4.0.24
2023-02-21 19:23:21.331  - [32minfo[39m: admin.0 (317) requesting all states
2023-02-21 19:23:21.334  - [32minfo[39m: admin.0 (317) requesting all objects
2023-02-21 19:23:22.276  - [32minfo[39m: admin.0 (317) received all objects
2023-02-21 19:23:22.526  - [32minfo[39m: admin.0 (317) Request actual repository...
2023-02-21 19:23:22.598  - [32minfo[39m: admin.0 (317) http server listening on port 8081
2023-02-21 19:23:22.599  - [32minfo[39m: admin.0 (317) Use link "http://localhost:8081" to configure.
2023-02-21 19:23:22.615  - [32minfo[39m: admin.0 (317) socket.io server listening on port 8081
2023-02-21 19:23:23.142  - [32minfo[39m: host.2b3f811449c2 Updating repository "stable" under "http://download.iobroker.net/sources-dist.json"
2023-02-21 19:23:25.508  - [32minfo[39m: admin.0 (317) failed connection to socket.io from ::ffff:172.18.0.1: Passport was not initialized
2023-02-21 19:23:27.288  - [32minfo[39m: admin.0 (317) Repository received successfully.
2023-02-21 19:23:48.553  - [32minfo[39m: admin.0 (317) ==> Connected system.user.admin from ::ffff:172.18.0.1
2023-02-21 19:24:18.553  - [32minfo[39m: admin.0 (317) <== Disconnect system.user.admin from ::ffff:172.18.0.1 admin
2023-02-21 19:24:33.530  - [32minfo[39m: admin.0 (317) ==> Connected system.user.admin from ::ffff:172.18.0.1
2023-02-21 19:24:39.280  - [32minfo[39m: admin.0 (317) <== Disconnect system.user.admin from ::ffff:172.18.0.1 admin
2023-02-21 19:24:39.870  - [32minfo[39m: admin.0 (317) ==> Connected system.user.admin from ::ffff:172.18.0.1
2023-02-21 19:24:39.942  - [32minfo[39m: admin.0 (317) <== Disconnect system.user.admin from ::ffff:172.18.0.1 admin
2023-02-21 19:24:41.227  - [32minfo[39m: admin.0 (317) ==> Connected system.user.admin from ::ffff:172.18.0.1
2023-02-21 19:28:43.504  - [32minfo[39m: host.2b3f811449c2 received SIGTERM
2023-02-21 19:28:43.515  - [32minfo[39m: host.2b3f811449c2 stopInstance system.adapter.admin.0 (force=false, process=true)
2023-02-21 19:28:43.516  - [32minfo[39m: host.2b3f811449c2 stopInstance system.adapter.discovery.0 (force=false, process=true)
2023-02-21 19:28:43.517  - [32minfo[39m: host.2b3f811449c2 stopInstance system.adapter.backitup.0 (force=false, process=true)
2023-02-21 19:28:43.541  - [32minfo[39m: admin.0 (317) Got terminate signal TERMINATE_YOURSELF
2023-02-21 19:28:43.541  - [32minfo[39m: discovery.0 (195) Got terminate signal TERMINATE_YOURSELF
2023-02-21 19:28:43.553  - [32minfo[39m: backitup.0 (210) Got terminate signal TERMINATE_YOURSELF
2023-02-21 19:28:43.549  - [32minfo[39m: discovery.0 (195) terminating
2023-02-21 19:28:43.553  - [32minfo[39m: discovery.0 (195) Terminated (ADAPTER_REQUESTED_TERMINATION): Without reason
2023-02-21 19:28:43.546  - [32minfo[39m: admin.0 (317) terminating http server on port 8081
2023-02-21 19:28:43.554  - [32minfo[39m: admin.0 (317) terminating
2023-02-21 19:28:43.557  - [32minfo[39m: admin.0 (317) Terminated (ADAPTER_REQUESTED_TERMINATION): Without reason
2023-02-21 19:28:43.557  - [32minfo[39m: backitup.0 (210) cleaned everything up...
2023-02-21 19:28:43.559  - [32minfo[39m: backitup.0 (210) terminating
2023-02-21 19:28:43.562  - [32minfo[39m: backitup.0 (210) Terminated (ADAPTER_REQUESTED_TERMINATION): Without reason
2023-02-21 19:28:43.578  - [32minfo[39m: host.2b3f811449c2 stopInstance system.adapter.admin.0 send kill signal
2023-02-21 19:28:43.581  - [32minfo[39m: host.2b3f811449c2 stopInstance system.adapter.discovery.0 send kill signal
2023-02-21 19:28:43.582  - [32minfo[39m: host.2b3f811449c2 stopInstance system.adapter.backitup.0 send kill signal
2023-02-21 19:28:44.133  - [32minfo[39m: host.2b3f811449c2 instance system.adapter.discovery.0 terminated with code 11 (ADAPTER_REQUESTED_TERMINATION)
2023-02-21 19:28:44.155  - [32minfo[39m: host.2b3f811449c2 instance system.adapter.backitup.0 terminated with code 11 (ADAPTER_REQUESTED_TERMINATION)
2023-02-21 19:28:44.199  - [32minfo[39m: host.2b3f811449c2 instance system.adapter.admin.0 terminated with code 11 (ADAPTER_REQUESTED_TERMINATION)
2023-02-21 19:28:44.200  - [32minfo[39m: host.2b3f811449c2 All instances are stopped.
2023-02-21 19:28:44.378  - [32minfo[39m: host.2b3f811449c2 terminated
2023-02-21 19:31:11.055  - [32minfo[39m: host.54eb80e676c9 iobroker.js-controller version 4.0.24 js-controller starting
2023-02-21 19:31:11.065  - [32minfo[39m: host.54eb80e676c9 Copyright (c) 2014-2022 bluefox, 2014 hobbyquaker
2023-02-21 19:31:11.066  - [32minfo[39m: host.54eb80e676c9 hostname: 54eb80e676c9, node: v16.19.1
2023-02-21 19:31:11.068  - [32minfo[39m: host.54eb80e676c9 ip addresses: 10.13.13.2 172.18.0.2
2023-02-21 19:31:11.835  - [32minfo[39m: host.54eb80e676c9 connected to Objects and States
2023-02-21 19:31:11.864  - [32minfo[39m: host.54eb80e676c9 added notifications configuration of host
2023-02-21 19:31:11.871  - [32minfo[39m: host.54eb80e676c9 Node.js version has changed from unknown to 16.19.1
2023-02-21 19:31:11.954  - [32minfo[39m: host.54eb80e676c9 Successfully updated capabilities "cap_net_admin, cap_net_bind_service, cap_net_raw" for /usr/bin/node
2023-02-21 19:31:12.307  - [32minfo[39m: host.54eb80e676c9 Delete host system.host.54eb80e676c9
2023-02-21 19:31:12.348  - [32minfo[39m: host.54eb80e676c9 Delete state "system.host.54eb80e676c9.versions.nodeCurrent"
2023-02-21 19:31:12.355  - [32minfo[39m: host.54eb80e676c9 3 instances found
2023-02-21 19:31:12.370  - [32minfo[39m: host.54eb80e676c9 starting 3 instances
2023-02-21 19:31:12.419  - [32minfo[39m: host.54eb80e676c9 Delete state "system.host.54eb80e676c9.versions.nodeNewest"
2023-02-21 19:31:12.444  - [32minfo[39m: host.54eb80e676c9 Delete state "system.host.54eb80e676c9.versions.nodeNewestNext"
2023-02-21 19:31:12.475  - [32minfo[39m: host.54eb80e676c9 instance system.adapter.admin.0 started with pid 548
2023-02-21 19:31:12.495  - [32minfo[39m: host.54eb80e676c9 Delete state "system.host.54eb80e676c9.versions.npmCurrent"
2023-02-21 19:31:12.517  - [32minfo[39m: host.54eb80e676c9 Delete state "system.host.54eb80e676c9.versions.npmNewest"
2023-02-21 19:31:12.579  - [32minfo[39m: host.54eb80e676c9 Delete state "system.host.54eb80e676c9.versions.npmNewestNext"
2023-02-21 19:31:12.596  - [32minfo[39m: host.54eb80e676c9 Some obsolete host states deleted.
2023-02-21 19:31:15.234  - [32minfo[39m: admin.0 (548) starting. Version 6.3.5 in /opt/iobroker/node_modules/iobroker.admin, node: v16.19.1, js-controller: 4.0.24
2023-02-21 19:31:15.304  - [32minfo[39m: admin.0 (548) requesting all states
2023-02-21 19:31:15.305  - [32minfo[39m: admin.0 (548) requesting all objects
2023-02-21 19:31:15.920  - [32minfo[39m: admin.0 (548) received all objects
2023-02-21 19:31:16.226  - [32minfo[39m: admin.0 (548) Request actual repository...
2023-02-21 19:31:16.254  - [32minfo[39m: admin.0 (548) http server listening on port 8081
2023-02-21 19:31:16.255  - [32minfo[39m: admin.0 (548) Use link "http://localhost:8081" to configure.
2023-02-21 19:31:16.269  - [32minfo[39m: admin.0 (548) socket.io server listening on port 8081
2023-02-21 19:31:16.779  - [32minfo[39m: host.54eb80e676c9 Updating repository "stable" under "http://download.iobroker.net/sources-dist.json"
2023-02-21 19:31:16.840  - [32minfo[39m: host.54eb80e676c9 instance system.adapter.discovery.0 started with pid 583
2023-02-21 19:31:20.238  - [32minfo[39m: admin.0 (548) Repository received successfully.
2023-02-21 19:31:20.434  - [32minfo[39m: host.54eb80e676c9 instance system.adapter.backitup.0 started with pid 598
2023-02-21 19:31:20.623  - [32minfo[39m: discovery.0 (583) starting. Version 3.1.0 in /opt/iobroker/node_modules/iobroker.discovery, node: v16.19.1, js-controller: 4.0.24
2023-02-21 19:31:23.277  - [32minfo[39m: backitup.0 (598) starting. Version 2.5.12 in /opt/iobroker/node_modules/iobroker.backitup, node: v16.19.1, js-controller: 4.0.24
2023-02-21 19:31:23.474  - [32minfo[39m: backitup.0 (598) [iobroker] backup was activated at 02:40 every 1 day(s)
2023-02-21 19:33:46.117  - [32minfo[39m: host.54eb80e676c9 received SIGTERM
2023-02-21 19:33:46.124  - [32minfo[39m: host.54eb80e676c9 stopInstance system.adapter.admin.0 (force=false, process=true)
2023-02-21 19:33:46.129  - [32minfo[39m: host.54eb80e676c9 stopInstance system.adapter.discovery.0 (force=false, process=true)
2023-02-21 19:33:46.133  - [32minfo[39m: host.54eb80e676c9 stopInstance system.adapter.backitup.0 (force=false, process=true)
2023-02-21 19:33:46.153  - [32minfo[39m: admin.0 (548) Got terminate signal TERMINATE_YOURSELF
2023-02-21 19:33:46.165  - [32minfo[39m: backitup.0 (598) Got terminate signal TERMINATE_YOURSELF
2023-02-21 19:33:46.166  - [32minfo[39m: discovery.0 (583) Got terminate signal TERMINATE_YOURSELF
2023-02-21 19:33:46.171  - [32minfo[39m: host.54eb80e676c9 stopInstance system.adapter.admin.0 send kill signal
2023-02-21 19:33:46.157  - [32minfo[39m: admin.0 (548) terminating http server on port 8081
2023-02-21 19:33:46.178  - [32minfo[39m: admin.0 (548) terminating
2023-02-21 19:33:46.187  - [32minfo[39m: admin.0 (548) Terminated (ADAPTER_REQUESTED_TERMINATION): Without reason
2023-02-21 19:33:46.172  - [32minfo[39m: discovery.0 (583) terminating
2023-02-21 19:33:46.179  - [32minfo[39m: discovery.0 (583) Terminated (ADAPTER_REQUESTED_TERMINATION): Without reason
2023-02-21 19:33:46.171  - [32minfo[39m: backitup.0 (598) cleaned everything up...
2023-02-21 19:33:46.176  - [32minfo[39m: backitup.0 (598) terminating
2023-02-21 19:33:46.186  - [32minfo[39m: backitup.0 (598) Terminated (ADAPTER_REQUESTED_TERMINATION): Without reason
2023-02-21 19:33:46.214  - [32minfo[39m: host.54eb80e676c9 stopInstance system.adapter.discovery.0 send kill signal
2023-02-21 19:33:46.215  - [32minfo[39m: host.54eb80e676c9 stopInstance system.adapter.backitup.0 send kill signal
2023-02-21 19:33:46.856  - [32minfo[39m: host.54eb80e676c9 instance system.adapter.discovery.0 terminated with code 11 (ADAPTER_REQUESTED_TERMINATION)
2023-02-21 19:33:46.879  - [32minfo[39m: host.54eb80e676c9 instance system.adapter.backitup.0 terminated with code 11 (ADAPTER_REQUESTED_TERMINATION)
2023-02-21 19:33:46.925  - [32minfo[39m: host.54eb80e676c9 instance system.adapter.admin.0 terminated with code 11 (ADAPTER_REQUESTED_TERMINATION)
2023-02-21 19:33:46.926  - [32minfo[39m: host.54eb80e676c9 All instances are stopped.
2023-02-21 19:33:46.995  - [32minfo[39m: host.54eb80e676c9 terminated
2023-02-21 19:35:49.856  - [32minfo[39m: host.5d55cb560878 iobroker.js-controller version 4.0.24 js-controller starting
2023-02-21 19:35:49.865  - [32minfo[39m: host.5d55cb560878 Copyright (c) 2014-2022 bluefox, 2014 hobbyquaker
2023-02-21 19:35:49.866  - [32minfo[39m: host.5d55cb560878 hostname: 5d55cb560878, node: v16.19.1
2023-02-21 19:35:49.868  - [32minfo[39m: host.5d55cb560878 ip addresses: 10.13.13.2 172.18.0.2
2023-02-21 19:35:50.722  - [32minfo[39m: host.5d55cb560878 connected to Objects and States
2023-02-21 19:35:50.762  - [32minfo[39m: host.5d55cb560878 added notifications configuration of host
2023-02-21 19:35:50.765  - [32minfo[39m: host.5d55cb560878 Node.js version has changed from unknown to 16.19.1
2023-02-21 19:35:50.858  - [32minfo[39m: host.5d55cb560878 Successfully updated capabilities "cap_net_admin, cap_net_bind_service, cap_net_raw" for /usr/bin/node
2023-02-21 19:35:51.328  - [32minfo[39m: host.5d55cb560878 Delete host system.host.5d55cb560878
2023-02-21 19:35:51.368  - [32minfo[39m: host.5d55cb560878 Delete state "system.host.5d55cb560878.versions.nodeCurrent"
2023-02-21 19:35:51.376  - [32minfo[39m: host.5d55cb560878 3 instances found
2023-02-21 19:35:51.388  - [32minfo[39m: host.5d55cb560878 starting 3 instances
2023-02-21 19:35:51.443  - [32minfo[39m: host.5d55cb560878 Delete state "system.host.5d55cb560878.versions.nodeNewest"
2023-02-21 19:35:51.477  - [32minfo[39m: host.5d55cb560878 Delete state "system.host.5d55cb560878.versions.nodeNewestNext"
2023-02-21 19:35:51.513  - [32minfo[39m: host.5d55cb560878 instance system.adapter.admin.0 started with pid 551
2023-02-21 19:35:51.537  - [32minfo[39m: host.5d55cb560878 Delete state "system.host.5d55cb560878.versions.npmCurrent"
2023-02-21 19:35:51.566  - [32minfo[39m: host.5d55cb560878 Delete state "system.host.5d55cb560878.versions.npmNewest"
2023-02-21 19:35:51.630  - [32minfo[39m: host.5d55cb560878 Delete state "system.host.5d55cb560878.versions.npmNewestNext"
2023-02-21 19:35:51.647  - [32minfo[39m: host.5d55cb560878 Some obsolete host states deleted.
2023-02-21 19:35:54.378  - [32minfo[39m: admin.0 (551) starting. Version 6.3.5 in /opt/iobroker/node_modules/iobroker.admin, node: v16.19.1, js-controller: 4.0.24
2023-02-21 19:35:54.448  - [32minfo[39m: admin.0 (551) requesting all states
2023-02-21 19:35:54.450  - [32minfo[39m: admin.0 (551) requesting all objects
2023-02-21 19:35:55.132  - [32minfo[39m: admin.0 (551) received all objects
2023-02-21 19:35:55.388  - [32minfo[39m: admin.0 (551) Request actual repository...
2023-02-21 19:35:55.412  - [32minfo[39m: admin.0 (551) http server listening on port 8081
2023-02-21 19:35:55.414  - [32minfo[39m: admin.0 (551) Use link "http://localhost:8081" to configure.
2023-02-21 19:35:55.427  - [32minfo[39m: admin.0 (551) socket.io server listening on port 8081
2023-02-21 19:35:55.452  - [32minfo[39m: host.5d55cb560878 instance system.adapter.discovery.0 started with pid 574
2023-02-21 19:35:56.021  - [32minfo[39m: host.5d55cb560878 Updating repository "stable" under "http://download.iobroker.net/sources-dist.json"
2023-02-21 19:35:59.391  - [32minfo[39m: admin.0 (551) Repository received successfully.
2023-02-21 19:35:59.449  - [32minfo[39m: host.5d55cb560878 instance system.adapter.backitup.0 started with pid 589
2023-02-21 19:35:59.600  - [32minfo[39m: discovery.0 (574) starting. Version 3.1.0 in /opt/iobroker/node_modules/iobroker.discovery, node: v16.19.1, js-controller: 4.0.24
2023-02-21 19:36:02.125  - [32minfo[39m: backitup.0 (589) starting. Version 2.5.12 in /opt/iobroker/node_modules/iobroker.backitup, node: v16.19.1, js-controller: 4.0.24
2023-02-21 19:36:02.291  - [32minfo[39m: backitup.0 (589) [iobroker] backup was activated at 02:40 every 1 day(s)
2023-02-21 19:36:58.550  - [32minfo[39m: admin.0 (551) failed connection to socket.io from ::ffff:172.18.0.1: Passport was not initialized
2023-02-21 19:37:51.805  - [32minfo[39m: host.5d55cb560878 received SIGTERM
2023-02-21 19:37:51.809  - [32minfo[39m: host.5d55cb560878 stopInstance system.adapter.admin.0 (force=false, process=true)
2023-02-21 19:37:51.810  - [32minfo[39m: host.5d55cb560878 stopInstance system.adapter.discovery.0 (force=false, process=true)
2023-02-21 19:37:51.811  - [32minfo[39m: host.5d55cb560878 stopInstance system.adapter.backitup.0 (force=false, process=true)
2023-02-21 19:37:51.823  - [32minfo[39m: admin.0 (551) Got terminate signal TERMINATE_YOURSELF
2023-02-21 19:37:51.824  - [32minfo[39m: discovery.0 (574) Got terminate signal TERMINATE_YOURSELF
2023-02-21 19:37:51.827  - [32minfo[39m: backitup.0 (589) Got terminate signal TERMINATE_YOURSELF
2023-02-21 19:37:51.829  - [32minfo[39m: host.5d55cb560878 stopInstance system.adapter.admin.0 send kill signal
2023-02-21 19:37:51.828  - [32minfo[39m: discovery.0 (574) terminating
2023-02-21 19:37:51.832  - [32minfo[39m: discovery.0 (574) Terminated (ADAPTER_REQUESTED_TERMINATION): Without reason
2023-02-21 19:37:51.827  - [32minfo[39m: admin.0 (551) terminating http server on port 8081
2023-02-21 19:37:51.831  - [32minfo[39m: admin.0 (551) terminating
2023-02-21 19:37:51.834  - [32minfo[39m: admin.0 (551) Terminated (ADAPTER_REQUESTED_TERMINATION): Without reason
2023-02-21 19:37:51.829  - [32minfo[39m: backitup.0 (589) cleaned everything up...
2023-02-21 19:37:51.832  - [32minfo[39m: backitup.0 (589) terminating
2023-02-21 19:37:51.835  - [32minfo[39m: backitup.0 (589) Terminated (ADAPTER_REQUESTED_TERMINATION): Without reason
2023-02-21 19:37:51.874  - [32minfo[39m: host.5d55cb560878 stopInstance system.adapter.discovery.0 send kill signal
2023-02-21 19:37:51.874  - [32minfo[39m: host.5d55cb560878 stopInstance system.adapter.backitup.0 send kill signal
2023-02-21 19:37:52.434  - [32minfo[39m: host.5d55cb560878 instance system.adapter.discovery.0 terminated with code 11 (ADAPTER_REQUESTED_TERMINATION)
2023-02-21 19:37:52.452  - [32minfo[39m: host.5d55cb560878 instance system.adapter.admin.0 terminated with code 11 (ADAPTER_REQUESTED_TERMINATION)
2023-02-21 19:37:52.504  - [32minfo[39m: host.5d55cb560878 instance system.adapter.backitup.0 terminated with code 11 (ADAPTER_REQUESTED_TERMINATION)
2023-02-21 19:37:52.505  - [32minfo[39m: host.5d55cb560878 All instances are stopped.
2023-02-21 19:37:52.667  - [32minfo[39m: host.5d55cb560878 terminated
